<?xml version="1.0" encoding="UTF-8"?>
<!-- Generated by org.testng.reporters.JUnitXMLReporter -->
<testsuite ignored="0" hostname="DESKTOP-2R1P9IO" failures="2" tests="2" name="Test" time="34.711" errors="0" timestamp="15 Dec 2021 12:54:25 GMT">
  <testcase classname="com.Udemy.EETest.LoginPageTest" name="loginTest" time="0.01">
    <failure type="java.lang.NullPointerException">
      <![CDATA[java.lang.NullPointerException
at org.openqa.selenium.support.pagefactory.DefaultElementLocator.findElement(DefaultElementLocator.java:70)
at org.openqa.selenium.support.pagefactory.internal.LocatingElementHandler.invoke(LocatingElementHandler.java:39)
at com.sun.proxy.$Proxy20.sendKeys(Unknown Source)
at com.Udemy.Pages.LoginPage.login(LoginPage.java:26)
at com.Udemy.EETest.LoginPageTest.loginTest(LoginPageTest.java:42)
... Removed 25 stack frames]]>
    </failure>
  </testcase> <!-- loginTest -->
  <testcase classname="com.Udemy.EETest.LoginPageTest" name="loginTest" time="0.004">
    <failure type="java.lang.NullPointerException">
      <![CDATA[java.lang.NullPointerException
at org.openqa.selenium.support.pagefactory.DefaultElementLocator.findElement(DefaultElementLocator.java:70)
at org.openqa.selenium.support.pagefactory.internal.LocatingElementHandler.invoke(LocatingElementHandler.java:39)
at com.sun.proxy.$Proxy20.sendKeys(Unknown Source)
at com.Udemy.Pages.LoginPage.login(LoginPage.java:26)
at com.Udemy.EETest.LoginPageTest.loginTest(LoginPageTest.java:42)
... Removed 25 stack frames]]>
    </failure>
  </testcase> <!-- loginTest -->
</testsuite> <!-- Test -->
